[2025-07-31T17:36:42.845Z] ERROR: EntityPropertyNotFoundError: Property "where" was not found in "User". Make sure your query is correct.
    at SelectQueryBuilder.buildWhere (D:\projects\fitnox\server\node_modules\src\query-builder\SelectQueryBuilder.ts:4259:27)
    at SelectQueryBuilder.applyFindOptions (D:\projects\fitnox\server\node_modules\src\query-builder\SelectQueryBuilder.ts:3144:40)
    at SelectQueryBuilder.setFindOptions (D:\projects\fitnox\server\node_modules\src\query-builder\SelectQueryBuilder.ts:106:14)
    at EntityManager.findOne (D:\projects\fitnox\server\node_modules\src\entity-manager\EntityManager.ts:1225:14)
    at Repository.findOne (D:\projects\fitnox\server\node_modules\src\repository\Repository.ts:626:29)
    at Function.findOne (D:\projects\fitnox\server\node_modules\src\repository\BaseEntity.ts:544:40)
    at AuthService.<anonymous> (D:\projects\fitnox\server\src\services\base.service.ts:18:26)
    at Generator.next (<anonymous>)
    at D:\projects\fitnox\server\src\services\base.service.ts:8:71
    at new Promise (<anonymous>)
[2025-07-31T17:38:22.895Z] ERROR: EntityPropertyNotFoundError: Property "where" was not found in "User". Make sure your query is correct.
    at SelectQueryBuilder.buildWhere (D:\projects\fitnox\server\node_modules\src\query-builder\SelectQueryBuilder.ts:4259:27)
    at SelectQueryBuilder.applyFindOptions (D:\projects\fitnox\server\node_modules\src\query-builder\SelectQueryBuilder.ts:3144:40)
    at SelectQueryBuilder.setFindOptions (D:\projects\fitnox\server\node_modules\src\query-builder\SelectQueryBuilder.ts:106:14)
    at EntityManager.findOne (D:\projects\fitnox\server\node_modules\src\entity-manager\EntityManager.ts:1225:14)
    at Repository.findOne (D:\projects\fitnox\server\node_modules\src\repository\Repository.ts:626:29)
    at Function.findOne (D:\projects\fitnox\server\node_modules\src\repository\BaseEntity.ts:544:40)
    at AuthService.<anonymous> (D:\projects\fitnox\server\src\services\base.service.ts:18:26)
    at Generator.next (<anonymous>)
    at D:\projects\fitnox\server\src\services\base.service.ts:8:71
    at new Promise (<anonymous>)
[2025-07-31T17:43:08.045Z] ERROR: EntityPropertyNotFoundError: Property "where" was not found in "User". Make sure your query is correct.
    at SelectQueryBuilder.buildWhere (D:\projects\fitnox\server\node_modules\src\query-builder\SelectQueryBuilder.ts:4259:27)
    at SelectQueryBuilder.applyFindOptions (D:\projects\fitnox\server\node_modules\src\query-builder\SelectQueryBuilder.ts:3144:40)
    at SelectQueryBuilder.setFindOptions (D:\projects\fitnox\server\node_modules\src\query-builder\SelectQueryBuilder.ts:106:14)
    at EntityManager.findOne (D:\projects\fitnox\server\node_modules\src\entity-manager\EntityManager.ts:1225:14)
    at Repository.findOne (D:\projects\fitnox\server\node_modules\src\repository\Repository.ts:626:29)
    at Function.findOne (D:\projects\fitnox\server\node_modules\src\repository\BaseEntity.ts:544:40)
    at AuthService.<anonymous> (D:\projects\fitnox\server\src\services\base.service.ts:18:26)
    at Generator.next (<anonymous>)
    at D:\projects\fitnox\server\src\services\base.service.ts:8:71
    at new Promise (<anonymous>)
[2025-07-31T17:45:33.658Z] ERROR: EntityPropertyNotFoundError: Property "where" was not found in "User". Make sure your query is correct.
    at SelectQueryBuilder.buildWhere (D:\projects\fitnox\server\node_modules\src\query-builder\SelectQueryBuilder.ts:4259:27)
    at SelectQueryBuilder.applyFindOptions (D:\projects\fitnox\server\node_modules\src\query-builder\SelectQueryBuilder.ts:3144:40)
    at SelectQueryBuilder.setFindOptions (D:\projects\fitnox\server\node_modules\src\query-builder\SelectQueryBuilder.ts:106:14)
    at EntityManager.findOne (D:\projects\fitnox\server\node_modules\src\entity-manager\EntityManager.ts:1225:14)
    at Repository.findOne (D:\projects\fitnox\server\node_modules\src\repository\Repository.ts:626:29)
    at Function.findOne (D:\projects\fitnox\server\node_modules\src\repository\BaseEntity.ts:544:40)
    at AuthService.<anonymous> (D:\projects\fitnox\server\src\services\base.service.ts:18:26)
    at Generator.next (<anonymous>)
    at D:\projects\fitnox\server\src\services\base.service.ts:8:71
    at new Promise (<anonymous>)
[2025-07-31T17:45:33.676Z] ERROR: EntityPropertyNotFoundError: Property "where" was not found in "User". Make sure your query is correct.
    at SelectQueryBuilder.buildWhere (D:\projects\fitnox\server\node_modules\src\query-builder\SelectQueryBuilder.ts:4259:27)
    at SelectQueryBuilder.applyFindOptions (D:\projects\fitnox\server\node_modules\src\query-builder\SelectQueryBuilder.ts:3144:40)
    at SelectQueryBuilder.setFindOptions (D:\projects\fitnox\server\node_modules\src\query-builder\SelectQueryBuilder.ts:106:14)
    at EntityManager.findOne (D:\projects\fitnox\server\node_modules\src\entity-manager\EntityManager.ts:1225:14)
    at Repository.findOne (D:\projects\fitnox\server\node_modules\src\repository\Repository.ts:626:29)
    at Function.findOne (D:\projects\fitnox\server\node_modules\src\repository\BaseEntity.ts:544:40)
    at AuthService.<anonymous> (D:\projects\fitnox\server\src\services\base.service.ts:18:26)
    at Generator.next (<anonymous>)
    at D:\projects\fitnox\server\src\services\base.service.ts:8:71
    at new Promise (<anonymous>)
[2025-07-31T17:45:46.734Z] ERROR: EntityPropertyNotFoundError: Property "where" was not found in "User". Make sure your query is correct.
    at SelectQueryBuilder.buildWhere (D:\projects\fitnox\server\node_modules\src\query-builder\SelectQueryBuilder.ts:4259:27)
    at SelectQueryBuilder.applyFindOptions (D:\projects\fitnox\server\node_modules\src\query-builder\SelectQueryBuilder.ts:3144:40)
    at SelectQueryBuilder.setFindOptions (D:\projects\fitnox\server\node_modules\src\query-builder\SelectQueryBuilder.ts:106:14)
    at EntityManager.findOne (D:\projects\fitnox\server\node_modules\src\entity-manager\EntityManager.ts:1225:14)
    at Repository.findOne (D:\projects\fitnox\server\node_modules\src\repository\Repository.ts:626:29)
    at Function.findOne (D:\projects\fitnox\server\node_modules\src\repository\BaseEntity.ts:544:40)
    at AuthService.<anonymous> (D:\projects\fitnox\server\src\services\base.service.ts:18:26)
    at Generator.next (<anonymous>)
    at D:\projects\fitnox\server\src\services\base.service.ts:8:71
    at new Promise (<anonymous>)
[2025-07-31T17:45:46.738Z] ERROR: EntityPropertyNotFoundError: Property "where" was not found in "User". Make sure your query is correct.
    at SelectQueryBuilder.buildWhere (D:\projects\fitnox\server\node_modules\src\query-builder\SelectQueryBuilder.ts:4259:27)
    at SelectQueryBuilder.applyFindOptions (D:\projects\fitnox\server\node_modules\src\query-builder\SelectQueryBuilder.ts:3144:40)
    at SelectQueryBuilder.setFindOptions (D:\projects\fitnox\server\node_modules\src\query-builder\SelectQueryBuilder.ts:106:14)
    at EntityManager.findOne (D:\projects\fitnox\server\node_modules\src\entity-manager\EntityManager.ts:1225:14)
    at Repository.findOne (D:\projects\fitnox\server\node_modules\src\repository\Repository.ts:626:29)
    at Function.findOne (D:\projects\fitnox\server\node_modules\src\repository\BaseEntity.ts:544:40)
    at AuthService.<anonymous> (D:\projects\fitnox\server\src\services\base.service.ts:18:26)
    at Generator.next (<anonymous>)
    at D:\projects\fitnox\server\src\services\base.service.ts:8:71
    at new Promise (<anonymous>)
[2025-07-31T17:45:54.775Z] ERROR: EntityPropertyNotFoundError: Property "where" was not found in "User". Make sure your query is correct.
    at SelectQueryBuilder.buildWhere (D:\projects\fitnox\server\node_modules\src\query-builder\SelectQueryBuilder.ts:4259:27)
    at SelectQueryBuilder.applyFindOptions (D:\projects\fitnox\server\node_modules\src\query-builder\SelectQueryBuilder.ts:3144:40)
    at SelectQueryBuilder.setFindOptions (D:\projects\fitnox\server\node_modules\src\query-builder\SelectQueryBuilder.ts:106:14)
    at EntityManager.findOne (D:\projects\fitnox\server\node_modules\src\entity-manager\EntityManager.ts:1225:14)
    at Repository.findOne (D:\projects\fitnox\server\node_modules\src\repository\Repository.ts:626:29)
    at Function.findOne (D:\projects\fitnox\server\node_modules\src\repository\BaseEntity.ts:544:40)
    at AuthService.<anonymous> (D:\projects\fitnox\server\src\services\base.service.ts:18:26)
    at Generator.next (<anonymous>)
    at D:\projects\fitnox\server\src\services\base.service.ts:8:71
    at new Promise (<anonymous>)
[2025-07-31T17:45:54.777Z] ERROR: EntityPropertyNotFoundError: Property "where" was not found in "User". Make sure your query is correct.
    at SelectQueryBuilder.buildWhere (D:\projects\fitnox\server\node_modules\src\query-builder\SelectQueryBuilder.ts:4259:27)
    at SelectQueryBuilder.applyFindOptions (D:\projects\fitnox\server\node_modules\src\query-builder\SelectQueryBuilder.ts:3144:40)
    at SelectQueryBuilder.setFindOptions (D:\projects\fitnox\server\node_modules\src\query-builder\SelectQueryBuilder.ts:106:14)
    at EntityManager.findOne (D:\projects\fitnox\server\node_modules\src\entity-manager\EntityManager.ts:1225:14)
    at Repository.findOne (D:\projects\fitnox\server\node_modules\src\repository\Repository.ts:626:29)
    at Function.findOne (D:\projects\fitnox\server\node_modules\src\repository\BaseEntity.ts:544:40)
    at AuthService.<anonymous> (D:\projects\fitnox\server\src\services\base.service.ts:18:26)
    at Generator.next (<anonymous>)
    at D:\projects\fitnox\server\src\services\base.service.ts:8:71
    at new Promise (<anonymous>)
[2025-07-31T17:47:16.189Z] ERROR: EntityPropertyNotFoundError: Property "where" was not found in "User". Make sure your query is correct.
    at SelectQueryBuilder.buildWhere (D:\projects\fitnox\server\node_modules\src\query-builder\SelectQueryBuilder.ts:4259:27)
    at SelectQueryBuilder.applyFindOptions (D:\projects\fitnox\server\node_modules\src\query-builder\SelectQueryBuilder.ts:3144:40)
    at SelectQueryBuilder.setFindOptions (D:\projects\fitnox\server\node_modules\src\query-builder\SelectQueryBuilder.ts:106:14)
    at EntityManager.findOne (D:\projects\fitnox\server\node_modules\src\entity-manager\EntityManager.ts:1225:14)
    at Repository.findOne (D:\projects\fitnox\server\node_modules\src\repository\Repository.ts:626:29)
    at Function.findOne (D:\projects\fitnox\server\node_modules\src\repository\BaseEntity.ts:544:40)
    at AuthService.<anonymous> (D:\projects\fitnox\server\src\services\base.service.ts:18:26)
    at Generator.next (<anonymous>)
    at D:\projects\fitnox\server\src\services\base.service.ts:8:71
    at new Promise (<anonymous>)
[2025-07-31T17:51:36.923Z] ERROR: EntityPropertyNotFoundError: Property "where" was not found in "User". Make sure your query is correct.
    at SelectQueryBuilder.buildWhere (D:\projects\fitnox\server\node_modules\src\query-builder\SelectQueryBuilder.ts:4259:27)
    at SelectQueryBuilder.applyFindOptions (D:\projects\fitnox\server\node_modules\src\query-builder\SelectQueryBuilder.ts:3144:40)
    at SelectQueryBuilder.setFindOptions (D:\projects\fitnox\server\node_modules\src\query-builder\SelectQueryBuilder.ts:106:14)
    at EntityManager.findOne (D:\projects\fitnox\server\node_modules\src\entity-manager\EntityManager.ts:1225:14)
    at Repository.findOne (D:\projects\fitnox\server\node_modules\src\repository\Repository.ts:626:29)
    at Function.findOne (D:\projects\fitnox\server\node_modules\src\repository\BaseEntity.ts:544:40)
    at AuthService.<anonymous> (D:\projects\fitnox\server\src\services\base.service.ts:13:26)
    at Generator.next (<anonymous>)
    at D:\projects\fitnox\server\src\services\base.service.ts:8:71
    at new Promise (<anonymous>)
[2025-07-31T17:53:14.556Z] ERROR: EntityPropertyNotFoundError: Property "where" was not found in "User". Make sure your query is correct.
    at SelectQueryBuilder.buildWhere (D:\projects\fitnox\server\node_modules\src\query-builder\SelectQueryBuilder.ts:4259:27)
    at SelectQueryBuilder.applyFindOptions (D:\projects\fitnox\server\node_modules\src\query-builder\SelectQueryBuilder.ts:3144:40)
    at SelectQueryBuilder.setFindOptions (D:\projects\fitnox\server\node_modules\src\query-builder\SelectQueryBuilder.ts:106:14)
    at EntityManager.findOne (D:\projects\fitnox\server\node_modules\src\entity-manager\EntityManager.ts:1225:14)
    at Repository.findOne (D:\projects\fitnox\server\node_modules\src\repository\Repository.ts:626:29)
    at Function.findOne (D:\projects\fitnox\server\node_modules\src\repository\BaseEntity.ts:544:40)
    at AuthService.<anonymous> (D:\projects\fitnox\server\src\services\base.service.ts:13:26)
    at Generator.next (<anonymous>)
    at D:\projects\fitnox\server\src\services\base.service.ts:8:71
    at new Promise (<anonymous>)
[2025-07-31T17:55:48.471Z] ERROR: EntityPropertyNotFoundError: Property "where" was not found in "User". Make sure your query is correct.
    at SelectQueryBuilder.buildWhere (D:\projects\fitnox\server\node_modules\src\query-builder\SelectQueryBuilder.ts:4259:27)
    at SelectQueryBuilder.applyFindOptions (D:\projects\fitnox\server\node_modules\src\query-builder\SelectQueryBuilder.ts:3144:40)
    at SelectQueryBuilder.setFindOptions (D:\projects\fitnox\server\node_modules\src\query-builder\SelectQueryBuilder.ts:106:14)
    at EntityManager.findOne (D:\projects\fitnox\server\node_modules\src\entity-manager\EntityManager.ts:1225:14)
    at Repository.findOne (D:\projects\fitnox\server\node_modules\src\repository\Repository.ts:626:29)
    at Function.findOne (D:\projects\fitnox\server\node_modules\src\repository\BaseEntity.ts:544:40)
    at AuthService.<anonymous> (D:\projects\fitnox\server\src\services\base.service.ts:13:26)
    at Generator.next (<anonymous>)
    at D:\projects\fitnox\server\src\services\base.service.ts:8:71
    at new Promise (<anonymous>)
[2025-07-31T18:52:59.747Z] ERROR: QueryFailedError: invalid input syntax for type uuid: "[object Object]"
    at PostgresQueryRunner.query (D:\projects\fitnox\server\node_modules\typeorm\src\driver\postgres\PostgresQueryRunner.ts:325:19)
    at processTicksAndRejections (node:internal/process/task_queues:95:5)
    at async SelectQueryBuilder.loadRawResults (D:\projects\fitnox\server\node_modules\src\query-builder\SelectQueryBuilder.ts:3808:25)
    at async SelectQueryBuilder.executeEntitiesAndRawResults (D:\projects\fitnox\server\node_modules\src\query-builder\SelectQueryBuilder.ts:3554:26)
    at async SelectQueryBuilder.getRawAndEntities (D:\projects\fitnox\server\node_modules\src\query-builder\SelectQueryBuilder.ts:1671:29)
    at async SelectQueryBuilder.getOne (D:\projects\fitnox\server\node_modules\src\query-builder\SelectQueryBuilder.ts:1698:25)
[2025-07-31T18:52:59.750Z] ERROR: QueryFailedError: invalid input syntax for type uuid: "[object Object]"
    at PostgresQueryRunner.query (D:\projects\fitnox\server\node_modules\typeorm\src\driver\postgres\PostgresQueryRunner.ts:325:19)
    at processTicksAndRejections (node:internal/process/task_queues:95:5)
    at async SelectQueryBuilder.loadRawResults (D:\projects\fitnox\server\node_modules\src\query-builder\SelectQueryBuilder.ts:3808:25)
    at async SelectQueryBuilder.executeEntitiesAndRawResults (D:\projects\fitnox\server\node_modules\src\query-builder\SelectQueryBuilder.ts:3554:26)
    at async SelectQueryBuilder.getRawAndEntities (D:\projects\fitnox\server\node_modules\src\query-builder\SelectQueryBuilder.ts:1671:29)
    at async SelectQueryBuilder.getOne (D:\projects\fitnox\server\node_modules\src\query-builder\SelectQueryBuilder.ts:1698:25)
[2025-07-31T18:53:58.663Z] ERROR: QueryFailedError: invalid input syntax for type uuid: "[object Object]"
    at PostgresQueryRunner.query (D:\projects\fitnox\server\node_modules\typeorm\src\driver\postgres\PostgresQueryRunner.ts:325:19)
    at processTicksAndRejections (node:internal/process/task_queues:95:5)
    at async SelectQueryBuilder.loadRawResults (D:\projects\fitnox\server\node_modules\src\query-builder\SelectQueryBuilder.ts:3808:25)
    at async SelectQueryBuilder.executeEntitiesAndRawResults (D:\projects\fitnox\server\node_modules\src\query-builder\SelectQueryBuilder.ts:3554:26)
    at async SelectQueryBuilder.getRawAndEntities (D:\projects\fitnox\server\node_modules\src\query-builder\SelectQueryBuilder.ts:1671:29)
    at async SelectQueryBuilder.getOne (D:\projects\fitnox\server\node_modules\src\query-builder\SelectQueryBuilder.ts:1698:25)
[2025-07-31T18:53:58.665Z] ERROR: QueryFailedError: invalid input syntax for type uuid: "[object Object]"
    at PostgresQueryRunner.query (D:\projects\fitnox\server\node_modules\typeorm\src\driver\postgres\PostgresQueryRunner.ts:325:19)
    at processTicksAndRejections (node:internal/process/task_queues:95:5)
    at async SelectQueryBuilder.loadRawResults (D:\projects\fitnox\server\node_modules\src\query-builder\SelectQueryBuilder.ts:3808:25)
    at async SelectQueryBuilder.executeEntitiesAndRawResults (D:\projects\fitnox\server\node_modules\src\query-builder\SelectQueryBuilder.ts:3554:26)
    at async SelectQueryBuilder.getRawAndEntities (D:\projects\fitnox\server\node_modules\src\query-builder\SelectQueryBuilder.ts:1671:29)
    at async SelectQueryBuilder.getOne (D:\projects\fitnox\server\node_modules\src\query-builder\SelectQueryBuilder.ts:1698:25)
[2025-07-31T18:54:28.527Z] ERROR: QueryFailedError: invalid input syntax for type uuid: "NaN"
    at PostgresQueryRunner.query (D:\projects\fitnox\server\node_modules\typeorm\src\driver\postgres\PostgresQueryRunner.ts:325:19)
    at processTicksAndRejections (node:internal/process/task_queues:95:5)
    at async UpdateQueryBuilder.execute (D:\projects\fitnox\server\node_modules\src\query-builder\UpdateQueryBuilder.ts:145:33)
[2025-07-31T18:54:28.531Z] ERROR: QueryFailedError: invalid input syntax for type uuid: "NaN"
    at PostgresQueryRunner.query (D:\projects\fitnox\server\node_modules\typeorm\src\driver\postgres\PostgresQueryRunner.ts:325:19)
    at processTicksAndRejections (node:internal/process/task_queues:95:5)
    at async UpdateQueryBuilder.execute (D:\projects\fitnox\server\node_modules\src\query-builder\UpdateQueryBuilder.ts:145:33)
[2025-07-31T18:54:43.410Z] ERROR: QueryFailedError: invalid input syntax for type uuid: "NaN"
    at PostgresQueryRunner.query (D:\projects\fitnox\server\node_modules\typeorm\src\driver\postgres\PostgresQueryRunner.ts:325:19)
    at processTicksAndRejections (node:internal/process/task_queues:95:5)
    at async UpdateQueryBuilder.execute (D:\projects\fitnox\server\node_modules\src\query-builder\UpdateQueryBuilder.ts:145:33)
[2025-07-31T18:54:43.411Z] ERROR: QueryFailedError: invalid input syntax for type uuid: "NaN"
    at PostgresQueryRunner.query (D:\projects\fitnox\server\node_modules\typeorm\src\driver\postgres\PostgresQueryRunner.ts:325:19)
    at processTicksAndRejections (node:internal/process/task_queues:95:5)
    at async UpdateQueryBuilder.execute (D:\projects\fitnox\server\node_modules\src\query-builder\UpdateQueryBuilder.ts:145:33)
[2025-07-31T18:59:25.214Z] ERROR: QueryFailedError: invalid input syntax for type uuid: "NaN"
    at PostgresQueryRunner.query (D:\projects\fitnox\server\node_modules\typeorm\src\driver\postgres\PostgresQueryRunner.ts:325:19)
    at processTicksAndRejections (node:internal/process/task_queues:95:5)
    at async UpdateQueryBuilder.execute (D:\projects\fitnox\server\node_modules\src\query-builder\UpdateQueryBuilder.ts:145:33)
[2025-07-31T18:59:25.281Z] ERROR: QueryFailedError: invalid input syntax for type uuid: "NaN"
    at PostgresQueryRunner.query (D:\projects\fitnox\server\node_modules\typeorm\src\driver\postgres\PostgresQueryRunner.ts:325:19)
    at processTicksAndRejections (node:internal/process/task_queues:95:5)
    at async UpdateQueryBuilder.execute (D:\projects\fitnox\server\node_modules\src\query-builder\UpdateQueryBuilder.ts:145:33)
[2025-07-31T19:04:23.106Z] ERROR: QueryFailedError: invalid input syntax for type uuid: "NaN"
    at PostgresQueryRunner.query (D:\projects\fitnox\server\node_modules\typeorm\src\driver\postgres\PostgresQueryRunner.ts:325:19)
    at processTicksAndRejections (node:internal/process/task_queues:95:5)
    at async UpdateQueryBuilder.execute (D:\projects\fitnox\server\node_modules\src\query-builder\UpdateQueryBuilder.ts:145:33)
[2025-07-31T19:04:23.108Z] ERROR: QueryFailedError: invalid input syntax for type uuid: "NaN"
    at PostgresQueryRunner.query (D:\projects\fitnox\server\node_modules\typeorm\src\driver\postgres\PostgresQueryRunner.ts:325:19)
    at processTicksAndRejections (node:internal/process/task_queues:95:5)
    at async UpdateQueryBuilder.execute (D:\projects\fitnox\server\node_modules\src\query-builder\UpdateQueryBuilder.ts:145:33)
[2025-08-02T04:49:04.851Z] ERROR: Name is required
[2025-08-02T05:06:35.181Z] ERROR: Title and slug are required
[2025-08-02T05:06:53.659Z] ERROR: Title and slug are required
[2025-08-02T05:09:25.496Z] ERROR: Title and slug are required
[2025-08-02T05:18:31.069Z] ERROR: Title and slug are required
[2025-08-07T00:27:13.618Z] ERROR: This customer Already Exists!
[2025-08-07T00:27:26.123Z] ERROR: This customer Already Exists!
[2025-08-07T01:26:54.046Z] ERROR: This customer Already Exists!
[2025-08-07T01:38:59.182Z] ERROR: This customer Already Exists!
[2025-08-10T05:39:24.364Z] ERROR: QueryFailedError: null value in column "content" of relation "TermsAndConditions" violates not-null constraint
    at PostgresQueryRunner.query (D:\projects\fitnox\server\node_modules\typeorm\src\driver\postgres\PostgresQueryRunner.ts:325:19)
    at processTicksAndRejections (node:internal/process/task_queues:95:5)
    at async InsertQueryBuilder.execute (D:\projects\fitnox\server\node_modules\src\query-builder\InsertQueryBuilder.ts:164:33)
    at async SubjectExecutor.executeInsertOperations (D:\projects\fitnox\server\node_modules\src\persistence\SubjectExecutor.ts:435:42)
    at async SubjectExecutor.execute (D:\projects\fitnox\server\node_modules\src\persistence\SubjectExecutor.ts:137:9)
    at async EntityPersistExecutor.execute (D:\projects\fitnox\server\node_modules\src\persistence\EntityPersistExecutor.ts:182:21)
[2025-08-10T05:39:24.368Z] ERROR: QueryFailedError: null value in column "content" of relation "TermsAndConditions" violates not-null constraint
    at PostgresQueryRunner.query (D:\projects\fitnox\server\node_modules\typeorm\src\driver\postgres\PostgresQueryRunner.ts:325:19)
    at processTicksAndRejections (node:internal/process/task_queues:95:5)
    at async InsertQueryBuilder.execute (D:\projects\fitnox\server\node_modules\src\query-builder\InsertQueryBuilder.ts:164:33)
    at async SubjectExecutor.executeInsertOperations (D:\projects\fitnox\server\node_modules\src\persistence\SubjectExecutor.ts:435:42)
    at async SubjectExecutor.execute (D:\projects\fitnox\server\node_modules\src\persistence\SubjectExecutor.ts:137:9)
    at async EntityPersistExecutor.execute (D:\projects\fitnox\server\node_modules\src\persistence\EntityPersistExecutor.ts:182:21)
[2025-08-10T05:46:32.487Z] ERROR: QueryFailedError: null value in column "logo" of relation "GeneralSettings" violates not-null constraint
    at PostgresQueryRunner.query (D:\projects\fitnox\server\node_modules\typeorm\src\driver\postgres\PostgresQueryRunner.ts:325:19)
    at processTicksAndRejections (node:internal/process/task_queues:95:5)
    at async InsertQueryBuilder.execute (D:\projects\fitnox\server\node_modules\src\query-builder\InsertQueryBuilder.ts:164:33)
    at async SubjectExecutor.executeInsertOperations (D:\projects\fitnox\server\node_modules\src\persistence\SubjectExecutor.ts:435:42)
    at async SubjectExecutor.execute (D:\projects\fitnox\server\node_modules\src\persistence\SubjectExecutor.ts:137:9)
    at async EntityPersistExecutor.execute (D:\projects\fitnox\server\node_modules\src\persistence\EntityPersistExecutor.ts:182:21)
[2025-08-10T05:46:32.489Z] ERROR: QueryFailedError: null value in column "logo" of relation "GeneralSettings" violates not-null constraint
    at PostgresQueryRunner.query (D:\projects\fitnox\server\node_modules\typeorm\src\driver\postgres\PostgresQueryRunner.ts:325:19)
    at processTicksAndRejections (node:internal/process/task_queues:95:5)
    at async InsertQueryBuilder.execute (D:\projects\fitnox\server\node_modules\src\query-builder\InsertQueryBuilder.ts:164:33)
    at async SubjectExecutor.executeInsertOperations (D:\projects\fitnox\server\node_modules\src\persistence\SubjectExecutor.ts:435:42)
    at async SubjectExecutor.execute (D:\projects\fitnox\server\node_modules\src\persistence\SubjectExecutor.ts:137:9)
    at async EntityPersistExecutor.execute (D:\projects\fitnox\server\node_modules\src\persistence\EntityPersistExecutor.ts:182:21)
[2025-08-10T09:52:11.305Z] ERROR: QueryFailedError: null value in column "content" of relation "TermsAndConditions" violates not-null constraint
    at PostgresQueryRunner.query (D:\projects\fitnox\server\node_modules\typeorm\src\driver\postgres\PostgresQueryRunner.ts:325:19)
    at processTicksAndRejections (node:internal/process/task_queues:95:5)
    at async InsertQueryBuilder.execute (D:\projects\fitnox\server\node_modules\src\query-builder\InsertQueryBuilder.ts:164:33)
    at async SubjectExecutor.executeInsertOperations (D:\projects\fitnox\server\node_modules\src\persistence\SubjectExecutor.ts:435:42)
    at async SubjectExecutor.execute (D:\projects\fitnox\server\node_modules\src\persistence\SubjectExecutor.ts:137:9)
    at async EntityPersistExecutor.execute (D:\projects\fitnox\server\node_modules\src\persistence\EntityPersistExecutor.ts:182:21)
[2025-08-10T09:52:11.307Z] ERROR: QueryFailedError: null value in column "content" of relation "TermsAndConditions" violates not-null constraint
    at PostgresQueryRunner.query (D:\projects\fitnox\server\node_modules\typeorm\src\driver\postgres\PostgresQueryRunner.ts:325:19)
    at processTicksAndRejections (node:internal/process/task_queues:95:5)
    at async InsertQueryBuilder.execute (D:\projects\fitnox\server\node_modules\src\query-builder\InsertQueryBuilder.ts:164:33)
    at async SubjectExecutor.executeInsertOperations (D:\projects\fitnox\server\node_modules\src\persistence\SubjectExecutor.ts:435:42)
    at async SubjectExecutor.execute (D:\projects\fitnox\server\node_modules\src\persistence\SubjectExecutor.ts:137:9)
    at async EntityPersistExecutor.execute (D:\projects\fitnox\server\node_modules\src\persistence\EntityPersistExecutor.ts:182:21)
[2025-08-10T09:52:28.201Z] ERROR: QueryFailedError: null value in column "content" of relation "TermsAndConditions" violates not-null constraint
    at PostgresQueryRunner.query (D:\projects\fitnox\server\node_modules\typeorm\src\driver\postgres\PostgresQueryRunner.ts:325:19)
    at processTicksAndRejections (node:internal/process/task_queues:95:5)
    at async InsertQueryBuilder.execute (D:\projects\fitnox\server\node_modules\src\query-builder\InsertQueryBuilder.ts:164:33)
    at async SubjectExecutor.executeInsertOperations (D:\projects\fitnox\server\node_modules\src\persistence\SubjectExecutor.ts:435:42)
    at async SubjectExecutor.execute (D:\projects\fitnox\server\node_modules\src\persistence\SubjectExecutor.ts:137:9)
    at async EntityPersistExecutor.execute (D:\projects\fitnox\server\node_modules\src\persistence\EntityPersistExecutor.ts:182:21)
[2025-08-10T09:52:28.202Z] ERROR: QueryFailedError: null value in column "content" of relation "TermsAndConditions" violates not-null constraint
    at PostgresQueryRunner.query (D:\projects\fitnox\server\node_modules\typeorm\src\driver\postgres\PostgresQueryRunner.ts:325:19)
    at processTicksAndRejections (node:internal/process/task_queues:95:5)
    at async InsertQueryBuilder.execute (D:\projects\fitnox\server\node_modules\src\query-builder\InsertQueryBuilder.ts:164:33)
    at async SubjectExecutor.executeInsertOperations (D:\projects\fitnox\server\node_modules\src\persistence\SubjectExecutor.ts:435:42)
    at async SubjectExecutor.execute (D:\projects\fitnox\server\node_modules\src\persistence\SubjectExecutor.ts:137:9)
    at async EntityPersistExecutor.execute (D:\projects\fitnox\server\node_modules\src\persistence\EntityPersistExecutor.ts:182:21)
[2025-08-14T06:25:34.226Z] ERROR: EntityMetadataNotFoundError: No metadata for "Home" was found.
    at DataSource.getMetadata (D:\projects\fitnox\server\node_modules\src\data-source\DataSource.ts:451:30)
    at Repository.get metadata [as metadata] (D:\projects\fitnox\server\node_modules\src\repository\Repository.ts:54:40)
    at Repository.findOne (D:\projects\fitnox\server\node_modules\src\repository\Repository.ts:626:42)
    at WebsiteService.<anonymous> (D:\projects\fitnox\server\src\services\website.service.ts:30:59)
    at Generator.next (<anonymous>)
    at D:\projects\fitnox\server\src\services\website.service.ts:10:71
    at new Promise (<anonymous>)
    at __awaiter (D:\projects\fitnox\server\src\services\website.service.ts:6:12)
    at WebsiteService.LoadAllContent (D:\projects\fitnox\server\src\services\website.service.ts:37:16)
    at WebsiteController.<anonymous> (D:\projects\fitnox\server\src\controller\websiteController.ts:8:50)
[2025-08-14T15:40:00.537Z] ERROR: This User Already Exists!
[2025-08-21T15:53:22.559Z] ERROR: QueryFailedError: duplicate key value violates unique constraint "UQ_f0444b8b5c111257c300932ae06"
    at PostgresQueryRunner.query (D:\projects\fitnox\server\node_modules\typeorm\src\driver\postgres\PostgresQueryRunner.ts:325:19)
    at processTicksAndRejections (node:internal/process/task_queues:95:5)
    at async InsertQueryBuilder.execute (D:\projects\fitnox\server\node_modules\src\query-builder\InsertQueryBuilder.ts:164:33)
    at async SubjectExecutor.executeInsertOperations (D:\projects\fitnox\server\node_modules\src\persistence\SubjectExecutor.ts:435:42)
    at async SubjectExecutor.execute (D:\projects\fitnox\server\node_modules\src\persistence\SubjectExecutor.ts:137:9)
    at async EntityPersistExecutor.execute (D:\projects\fitnox\server\node_modules\src\persistence\EntityPersistExecutor.ts:182:21)
[2025-08-21T15:57:40.209Z] ERROR: QueryFailedError: duplicate key value violates unique constraint "UQ_f0444b8b5c111257c300932ae06"
    at PostgresQueryRunner.query (D:\projects\fitnox\server\node_modules\typeorm\src\driver\postgres\PostgresQueryRunner.ts:325:19)
    at processTicksAndRejections (node:internal/process/task_queues:95:5)
    at async InsertQueryBuilder.execute (D:\projects\fitnox\server\node_modules\src\query-builder\InsertQueryBuilder.ts:164:33)
    at async SubjectExecutor.executeInsertOperations (D:\projects\fitnox\server\node_modules\src\persistence\SubjectExecutor.ts:435:42)
    at async SubjectExecutor.execute (D:\projects\fitnox\server\node_modules\src\persistence\SubjectExecutor.ts:137:9)
    at async EntityPersistExecutor.execute (D:\projects\fitnox\server\node_modules\src\persistence\EntityPersistExecutor.ts:182:21)
[2025-08-21T15:59:58.874Z] ERROR: Error: Phone already exists
    at WebsiteService.<anonymous> (D:\projects\fitnox\server\src\services\website.service.ts:64:53)
    at Generator.next (<anonymous>)
    at fulfilled (D:\projects\fitnox\server\src\services\website.service.ts:5:58)
    at processTicksAndRejections (node:internal/process/task_queues:95:5)
[2025-08-21T16:00:47.126Z] ERROR: Error: Phone already exists
    at WebsiteService.<anonymous> (D:\projects\fitnox\server\src\services\website.service.ts:64:53)
    at Generator.next (<anonymous>)
    at fulfilled (D:\projects\fitnox\server\src\services\website.service.ts:5:58)
    at processTicksAndRejections (node:internal/process/task_queues:95:5)
[2025-08-21T16:41:33.167Z] ERROR: Error: Phone already exists
    at WebsiteService.<anonymous> (D:\projects\fitnox\server\src\services\website.service.ts:64:53)
    at Generator.next (<anonymous>)
    at fulfilled (D:\projects\fitnox\server\src\services\website.service.ts:5:58)
    at processTicksAndRejections (node:internal/process/task_queues:95:5)
[2025-08-21T16:47:45.872Z] ERROR: Error: Phone already exists
    at WebsiteService.<anonymous> (D:\projects\fitnox\server\src\services\website.service.ts:61:53)
    at Generator.next (<anonymous>)
    at fulfilled (D:\projects\fitnox\server\src\services\website.service.ts:5:58)
    at processTicksAndRejections (node:internal/process/task_queues:95:5)
[2025-08-23T06:03:40.194Z] ERROR: TypeError: Cannot read properties of undefined (reading 'toISOString')
    at D:\projects\fitnox\server\src\services\website.service.ts:50:34
    at Array.map (<anonymous>)
    at WebsiteService.<anonymous> (D:\projects\fitnox\server\src\services\website.service.ts:45:45)
    at Generator.next (<anonymous>)
    at fulfilled (D:\projects\fitnox\server\src\services\website.service.ts:5:58)
    at processTicksAndRejections (node:internal/process/task_queues:95:5)
[2025-08-23T06:03:44.519Z] ERROR: TypeError: Cannot read properties of undefined (reading 'toISOString')
    at D:\projects\fitnox\server\src\services\website.service.ts:50:34
    at Array.map (<anonymous>)
    at WebsiteService.<anonymous> (D:\projects\fitnox\server\src\services\website.service.ts:45:45)
    at Generator.next (<anonymous>)
    at fulfilled (D:\projects\fitnox\server\src\services\website.service.ts:5:58)
    at processTicksAndRejections (node:internal/process/task_queues:95:5)
[2025-08-23T06:03:51.111Z] ERROR: TypeError: Cannot read properties of undefined (reading 'toISOString')
    at D:\projects\fitnox\server\src\services\website.service.ts:50:34
    at Array.map (<anonymous>)
    at WebsiteService.<anonymous> (D:\projects\fitnox\server\src\services\website.service.ts:45:45)
    at Generator.next (<anonymous>)
    at fulfilled (D:\projects\fitnox\server\src\services\website.service.ts:5:58)
    at processTicksAndRejections (node:internal/process/task_queues:95:5)
[2025-08-23T06:05:32.270Z] ERROR: EntityMetadataNotFoundError: No metadata for "Home" was found.
    at DataSource.getMetadata (D:\projects\fitnox\server\node_modules\src\data-source\DataSource.ts:451:30)
    at Repository.get metadata [as metadata] (D:\projects\fitnox\server\node_modules\src\repository\Repository.ts:54:40)
    at Repository.findOne (D:\projects\fitnox\server\node_modules\src\repository\Repository.ts:626:42)
    at WebsiteService.<anonymous> (D:\projects\fitnox\server\src\services\website.service.ts:14:59)
    at Generator.next (<anonymous>)
    at D:\projects\fitnox\server\src\services\website.service.ts:8:71
    at new Promise (<anonymous>)
    at __awaiter (D:\projects\fitnox\server\src\services\website.service.ts:4:12)
    at WebsiteService.LoadAllContent (D:\projects\fitnox\server\src\services\website.service.ts:26:16)
    at WebsiteController.<anonymous> (D:\projects\fitnox\server\src\controller\websiteController.ts:8:50)
[2025-08-23T06:05:32.316Z] ERROR: EntityMetadataNotFoundError: No metadata for "GeneralSettings" was found.
    at DataSource.getMetadata (D:\projects\fitnox\server\node_modules\src\data-source\DataSource.ts:451:30)
    at Repository.get metadata [as metadata] (D:\projects\fitnox\server\node_modules\src\repository\Repository.ts:54:40)
    at Repository.findOne (D:\projects\fitnox\server\node_modules\src\repository\Repository.ts:626:42)
    at WebsiteService.<anonymous> (D:\projects\fitnox\server\src\services\website.service.ts:134:64)
    at Generator.next (<anonymous>)
    at D:\projects\fitnox\server\src\services\website.service.ts:8:71
    at new Promise (<anonymous>)
    at __awaiter (D:\projects\fitnox\server\src\services\website.service.ts:4:12)
    at WebsiteService.Plans (D:\projects\fitnox\server\src\services\website.service.ts:134:16)
    at WebsiteController.<anonymous> (D:\projects\fitnox\server\src\controller\websiteController.ts:31:47)
[2025-08-23T06:05:32.333Z] ERROR: EntityMetadataNotFoundError: No metadata for "Blog" was found.
    at DataSource.getMetadata (D:\projects\fitnox\server\node_modules\src\data-source\DataSource.ts:451:30)
    at Repository.get metadata [as metadata] (D:\projects\fitnox\server\node_modules\src\repository\Repository.ts:54:40)
    at Repository.createQueryBuilder (D:\projects\fitnox\server\node_modules\src\repository\Repository.ts:83:18)
    at WebsiteService.<anonymous> (D:\projects\fitnox\server\src\services\website.service.ts:31:26)
    at Generator.next (<anonymous>)
    at D:\projects\fitnox\server\src\services\website.service.ts:8:71
    at new Promise (<anonymous>)
    at __awaiter (D:\projects\fitnox\server\src\services\website.service.ts:4:12)
    at WebsiteService.getBlogs (D:\projects\fitnox\server\src\services\website.service.ts:40:16)
    at WebsiteController.<anonymous> (D:\projects\fitnox\server\src\controller\websiteController.ts:22:49)
[2025-08-23T06:05:35.799Z] ERROR: TypeError: Cannot read properties of undefined (reading 'toISOString')
    at D:\projects\fitnox\server\src\services\website.service.ts:50:34
    at Array.map (<anonymous>)
    at WebsiteService.<anonymous> (D:\projects\fitnox\server\src\services\website.service.ts:45:45)
    at Generator.next (<anonymous>)
    at fulfilled (D:\projects\fitnox\server\src\services\website.service.ts:5:58)
    at processTicksAndRejections (node:internal/process/task_queues:95:5)
[2025-08-23T06:05:38.637Z] ERROR: TypeError: Cannot read properties of undefined (reading 'toISOString')
    at D:\projects\fitnox\server\src\services\website.service.ts:50:34
    at Array.map (<anonymous>)
    at WebsiteService.<anonymous> (D:\projects\fitnox\server\src\services\website.service.ts:45:45)
    at Generator.next (<anonymous>)
    at fulfilled (D:\projects\fitnox\server\src\services\website.service.ts:5:58)
    at processTicksAndRejections (node:internal/process/task_queues:95:5)
[2025-08-23T06:05:45.409Z] ERROR: TypeError: Cannot read properties of undefined (reading 'toISOString')
    at D:\projects\fitnox\server\src\services\website.service.ts:50:34
    at Array.map (<anonymous>)
    at WebsiteService.<anonymous> (D:\projects\fitnox\server\src\services\website.service.ts:45:45)
    at Generator.next (<anonymous>)
    at fulfilled (D:\projects\fitnox\server\src\services\website.service.ts:5:58)
    at processTicksAndRejections (node:internal/process/task_queues:95:5)
[2025-08-23T06:05:47.429Z] ERROR: TypeError: Cannot read properties of undefined (reading 'toISOString')
    at D:\projects\fitnox\server\src\services\website.service.ts:50:34
    at Array.map (<anonymous>)
    at WebsiteService.<anonymous> (D:\projects\fitnox\server\src\services\website.service.ts:45:45)
    at Generator.next (<anonymous>)
    at fulfilled (D:\projects\fitnox\server\src\services\website.service.ts:5:58)
    at processTicksAndRejections (node:internal/process/task_queues:95:5)
[2025-08-23T11:35:13.636Z] ERROR: TypeORMError: Driver not Connected
    at PostgresDriver.obtainMasterConnection (D:\projects\fitnox\server\node_modules\typeorm\src\driver\postgres\PostgresDriver.ts:1158:19)
    at PostgresQueryRunner.connect (D:\projects\fitnox\server\node_modules\typeorm\src\driver\postgres\PostgresQueryRunner.ts:111:18)
    at PostgresQueryRunner.query (D:\projects\fitnox\server\node_modules\typeorm\src\driver\postgres\PostgresQueryRunner.ts:245:47)
    at SelectQueryBuilder.loadRawResults (D:\projects\fitnox\server\node_modules\src\query-builder\SelectQueryBuilder.ts:3808:43)
    at SelectQueryBuilder.executeEntitiesAndRawResults (D:\projects\fitnox\server\node_modules\src\query-builder\SelectQueryBuilder.ts:3554:37)
    at SelectQueryBuilder.getRawAndEntities (D:\projects\fitnox\server\node_modules\src\query-builder\SelectQueryBuilder.ts:1671:40)
    at SelectQueryBuilder.getOne (D:\projects\fitnox\server\node_modules\src\query-builder\SelectQueryBuilder.ts:1698:36)
    at EntityManager.findOne (D:\projects\fitnox\server\node_modules\src\entity-manager\EntityManager.ts:1229:14)
    at Repository.findOne (D:\projects\fitnox\server\node_modules\src\repository\Repository.ts:626:29)
    at Function.findOne (D:\projects\fitnox\server\node_modules\src\repository\BaseEntity.ts:544:40)
[2025-08-24T11:02:58.039Z] ERROR: QueryFailedError: value "3899982362" is out of range for type integer
    at PostgresQueryRunner.query (D:\projects\fitnox\server\node_modules\typeorm\src\driver\postgres\PostgresQueryRunner.ts:325:19)
    at processTicksAndRejections (node:internal/process/task_queues:95:5)
    at async InsertQueryBuilder.execute (D:\projects\fitnox\server\node_modules\src\query-builder\InsertQueryBuilder.ts:164:33)
    at async SubjectExecutor.executeInsertOperations (D:\projects\fitnox\server\node_modules\src\persistence\SubjectExecutor.ts:435:42)
    at async SubjectExecutor.execute (D:\projects\fitnox\server\node_modules\src\persistence\SubjectExecutor.ts:137:9)
    at async EntityPersistExecutor.execute (D:\projects\fitnox\server\node_modules\src\persistence\EntityPersistExecutor.ts:182:21)
[2025-08-24T11:06:16.463Z] ERROR: QueryFailedError: value "3899982362" is out of range for type integer
    at PostgresQueryRunner.query (D:\projects\fitnox\server\node_modules\typeorm\src\driver\postgres\PostgresQueryRunner.ts:325:19)
    at processTicksAndRejections (node:internal/process/task_queues:95:5)
    at async InsertQueryBuilder.execute (D:\projects\fitnox\server\node_modules\src\query-builder\InsertQueryBuilder.ts:164:33)
    at async SubjectExecutor.executeInsertOperations (D:\projects\fitnox\server\node_modules\src\persistence\SubjectExecutor.ts:435:42)
    at async SubjectExecutor.execute (D:\projects\fitnox\server\node_modules\src\persistence\SubjectExecutor.ts:137:9)
    at async EntityPersistExecutor.execute (D:\projects\fitnox\server\node_modules\src\persistence\EntityPersistExecutor.ts:182:21)
[2025-08-24T11:08:17.525Z] ERROR: QueryFailedError: value "3899982362" is out of range for type integer
    at PostgresQueryRunner.query (D:\projects\fitnox\server\node_modules\typeorm\src\driver\postgres\PostgresQueryRunner.ts:325:19)
    at processTicksAndRejections (node:internal/process/task_queues:95:5)
    at async InsertQueryBuilder.execute (D:\projects\fitnox\server\node_modules\src\query-builder\InsertQueryBuilder.ts:164:33)
    at async SubjectExecutor.executeInsertOperations (D:\projects\fitnox\server\node_modules\src\persistence\SubjectExecutor.ts:435:42)
    at async SubjectExecutor.execute (D:\projects\fitnox\server\node_modules\src\persistence\SubjectExecutor.ts:137:9)
    at async EntityPersistExecutor.execute (D:\projects\fitnox\server\node_modules\src\persistence\EntityPersistExecutor.ts:182:21)
[2025-08-24T16:07:47.325Z] ERROR: Error: Email already exists
    at WebsiteService.<anonymous> (D:\projects\fitnox\server\src\services\website.service.ts:107:53)
    at Generator.next (<anonymous>)
    at fulfilled (D:\projects\fitnox\server\src\services\website.service.ts:5:58)
    at processTicksAndRejections (node:internal/process/task_queues:95:5)
[2025-08-27T20:24:05.168Z] ERROR: Error: getaddrinfo ENOTFOUND ep-soft-paper-ad1yiuww-pooler.c-2.us-east-1.aws.neon.tech
    at GetAddrInfoReqWrap.onlookup [as oncomplete] (node:dns:107:26)
    at GetAddrInfoReqWrap.callbackTrampoline (node:internal/async_hooks:128:17)
[2025-08-30T07:25:23.296Z] ERROR: QueryFailedError: column GeneralSettings.shortIntro does not exist
    at PostgresQueryRunner.query (D:\projects\fitnox\server\node_modules\typeorm\src\driver\postgres\PostgresQueryRunner.ts:325:19)
    at processTicksAndRejections (node:internal/process/task_queues:95:5)
    at async SelectQueryBuilder.loadRawResults (D:\projects\fitnox\server\node_modules\src\query-builder\SelectQueryBuilder.ts:3808:25)
    at async SelectQueryBuilder.executeEntitiesAndRawResults (D:\projects\fitnox\server\node_modules\src\query-builder\SelectQueryBuilder.ts:3554:26)
    at async SelectQueryBuilder.getRawAndEntities (D:\projects\fitnox\server\node_modules\src\query-builder\SelectQueryBuilder.ts:1671:29)
    at async SelectQueryBuilder.getMany (D:\projects\fitnox\server\node_modules\src\query-builder\SelectQueryBuilder.ts:1761:25)
[2025-08-30T07:25:23.298Z] ERROR: QueryFailedError: column GeneralSettings.shortIntro does not exist
    at PostgresQueryRunner.query (D:\projects\fitnox\server\node_modules\typeorm\src\driver\postgres\PostgresQueryRunner.ts:325:19)
    at processTicksAndRejections (node:internal/process/task_queues:95:5)
    at async SelectQueryBuilder.loadRawResults (D:\projects\fitnox\server\node_modules\src\query-builder\SelectQueryBuilder.ts:3808:25)
    at async SelectQueryBuilder.executeEntitiesAndRawResults (D:\projects\fitnox\server\node_modules\src\query-builder\SelectQueryBuilder.ts:3554:26)
    at async SelectQueryBuilder.getRawAndEntities (D:\projects\fitnox\server\node_modules\src\query-builder\SelectQueryBuilder.ts:1671:29)
    at async SelectQueryBuilder.getMany (D:\projects\fitnox\server\node_modules\src\query-builder\SelectQueryBuilder.ts:1761:25)
[2025-08-30T07:29:43.292Z] ERROR: QueryFailedError: null value in column "shortIntro" of relation "GeneralSettings" violates not-null constraint
    at PostgresQueryRunner.query (D:\projects\fitnox\server\node_modules\typeorm\src\driver\postgres\PostgresQueryRunner.ts:325:19)
    at processTicksAndRejections (node:internal/process/task_queues:95:5)
    at async InsertQueryBuilder.execute (D:\projects\fitnox\server\node_modules\src\query-builder\InsertQueryBuilder.ts:164:33)
    at async SubjectExecutor.executeInsertOperations (D:\projects\fitnox\server\node_modules\src\persistence\SubjectExecutor.ts:435:42)
    at async SubjectExecutor.execute (D:\projects\fitnox\server\node_modules\src\persistence\SubjectExecutor.ts:137:9)
    at async EntityPersistExecutor.execute (D:\projects\fitnox\server\node_modules\src\persistence\EntityPersistExecutor.ts:182:21)
[2025-08-30T07:29:43.295Z] ERROR: QueryFailedError: null value in column "shortIntro" of relation "GeneralSettings" violates not-null constraint
    at PostgresQueryRunner.query (D:\projects\fitnox\server\node_modules\typeorm\src\driver\postgres\PostgresQueryRunner.ts:325:19)
    at processTicksAndRejections (node:internal/process/task_queues:95:5)
    at async InsertQueryBuilder.execute (D:\projects\fitnox\server\node_modules\src\query-builder\InsertQueryBuilder.ts:164:33)
    at async SubjectExecutor.executeInsertOperations (D:\projects\fitnox\server\node_modules\src\persistence\SubjectExecutor.ts:435:42)
    at async SubjectExecutor.execute (D:\projects\fitnox\server\node_modules\src\persistence\SubjectExecutor.ts:137:9)
    at async EntityPersistExecutor.execute (D:\projects\fitnox\server\node_modules\src\persistence\EntityPersistExecutor.ts:182:21)
[2025-08-30T07:30:47.393Z] ERROR: QueryFailedError: null value in column "shortIntro" of relation "GeneralSettings" violates not-null constraint
    at PostgresQueryRunner.query (D:\projects\fitnox\server\node_modules\typeorm\src\driver\postgres\PostgresQueryRunner.ts:325:19)
    at processTicksAndRejections (node:internal/process/task_queues:95:5)
    at async InsertQueryBuilder.execute (D:\projects\fitnox\server\node_modules\src\query-builder\InsertQueryBuilder.ts:164:33)
    at async SubjectExecutor.executeInsertOperations (D:\projects\fitnox\server\node_modules\src\persistence\SubjectExecutor.ts:435:42)
    at async SubjectExecutor.execute (D:\projects\fitnox\server\node_modules\src\persistence\SubjectExecutor.ts:137:9)
    at async EntityPersistExecutor.execute (D:\projects\fitnox\server\node_modules\src\persistence\EntityPersistExecutor.ts:182:21)
[2025-08-30T07:30:47.396Z] ERROR: QueryFailedError: null value in column "shortIntro" of relation "GeneralSettings" violates not-null constraint
    at PostgresQueryRunner.query (D:\projects\fitnox\server\node_modules\typeorm\src\driver\postgres\PostgresQueryRunner.ts:325:19)
    at processTicksAndRejections (node:internal/process/task_queues:95:5)
    at async InsertQueryBuilder.execute (D:\projects\fitnox\server\node_modules\src\query-builder\InsertQueryBuilder.ts:164:33)
    at async SubjectExecutor.executeInsertOperations (D:\projects\fitnox\server\node_modules\src\persistence\SubjectExecutor.ts:435:42)
    at async SubjectExecutor.execute (D:\projects\fitnox\server\node_modules\src\persistence\SubjectExecutor.ts:137:9)
    at async EntityPersistExecutor.execute (D:\projects\fitnox\server\node_modules\src\persistence\EntityPersistExecutor.ts:182:21)
